<?xml version="1.0" encoding="utf-8"?><testsuites name="pytest tests"><testsuite name="pytest" errors="0" failures="3" skipped="0" tests="14" time="2.400" timestamp="2026-04-28T21:15:19.853626+00:00" hostname="agent-env-1f2e90cd-15e2-4c4a-9362-795b5eb00a59"><testcase classname="backend.tests.test_sprint24_new_features.TestAuth" name="test_login_admin" time="0.394" /><testcase classname="backend.tests.test_sprint24_new_features.TestDemoSeed" name="test_materials_exist" time="0.326" /><testcase classname="backend.tests.test_sprint24_new_features.TestDemoSeed" name="test_work_orders_exist" time="0.117" /><testcase classname="backend.tests.test_sprint24_new_features.TestDemoSeed" name="test_employees_exist" time="0.147" /><testcase classname="backend.tests.test_sprint24_new_features.TestLKPBulkToday" name="test_lkp_bulk_today" time="0.167"><failure message="AssertionError: Expected list, got: &lt;class 'dict'&gt;&#10;assert False&#10; +  where False = isinstance({'total': 4, 'total_with_lkp': 0, 'total_without_lkp': 4, 'work_orders': [{'has_lkp': False, 'latest_lkp_id': None, 'latest_lkp_number': None, 'latest_version': None, ...}, {'has_lkp': False, 'latest_lkp_id': None, 'latest_lkp_number': None, 'latest_version': None, ...}, {'has_lkp': False, 'latest_lkp_id': None, 'latest_lkp_number': None, 'latest_version': None, ...}, {'has_lkp': False, 'latest_lkp_id': None, 'latest_lkp_number': None, 'latest_version': None, ...}]}, list)">backend/tests/test_sprint24_new_features.py:58: in test_lkp_bulk_today
    assert isinstance(data, list), f"Expected list, got: {type(data)}"
E   AssertionError: Expected list, got: &lt;class 'dict'&gt;
E   assert False
E    +  where False = isinstance({'total': 4, 'total_with_lkp': 0, 'total_without_lkp': 4, 'work_orders': [{'has_lkp': False, 'latest_lkp_id': None, 'latest_lkp_number': None, 'latest_version': None, ...}, {'has_lkp': False, 'latest_lkp_id': None, 'latest_lkp_number': None, 'latest_version': None, ...}, {'has_lkp': False, 'latest_lkp_id': None, 'latest_lkp_number': None, 'latest_version': None, ...}, {'has_lkp': False, 'latest_lkp_id': None, 'latest_lkp_number': None, 'latest_version': None, ...}]}, list)</failure></testcase><testcase classname="backend.tests.test_sprint24_new_features.TestShiftHandover" name="test_get_shift_handovers" time="0.114" /><testcase classname="backend.tests.test_sprint24_new_features.TestShiftHandover" name="test_create_shift_handover" time="0.151"><failure message="AssertionError: Status: 400, Body: {&quot;detail&quot;:&quot;shift_id wajib diisi&quot;,&quot;status&quot;:400}&#10;assert 400 in [200, 201]&#10; +  where 400 = &lt;Response [400]&gt;.status_code">backend/tests/test_sprint24_new_features.py:79: in test_create_shift_handover
    assert resp.status_code in [200, 201], f"Status: {resp.status_code}, Body: {resp.text}"
E   AssertionError: Status: 400, Body: {"detail":"shift_id wajib diisi","status":400}
E   assert 400 in [200, 201]
E    +  where 400 = &lt;Response [400]&gt;.status_code</failure></testcase><testcase classname="backend.tests.test_sprint24_new_features.TestMaterialReservation" name="test_get_material_reservations" time="0.154"><failure message="assert 404 == 200&#10; +  where 404 = &lt;Response [404]&gt;.status_code">backend/tests/test_sprint24_new_features.py:86: in test_get_material_reservations
    assert resp.status_code == 200
E   assert 404 == 200
E    +  where 404 = &lt;Response [404]&gt;.status_code</failure></testcase><testcase classname="backend.tests.test_sprint24_new_features.TestMaterialReservation" name="test_get_materials_for_reservation" time="0.110" /><testcase classname="backend.tests.test_sprint24_new_features.TestProductionCalendar" name="test_get_calendar" time="0.163" /><testcase classname="backend.tests.test_sprint24_new_features.TestProductionCalendar" name="test_seed_national_holidays" time="0.114" /><testcase classname="backend.tests.test_sprint24_new_features.TestProductionCalendar" name="test_get_calendar_after_seed" time="0.106" /><testcase classname="backend.tests.test_sprint24_new_features.TestProductionCalendar" name="test_working_days_calculator" time="0.120" /><testcase classname="backend.tests.test_sprint24_new_features.TestPWA" name="test_manifest_accessible" time="0.120" /></testsuite></testsuites>