<?xml version="1.0" encoding="utf-8"?><testsuites name="pytest tests"><testsuite name="pytest" errors="0" failures="1" skipped="1" tests="10" time="4.195" timestamp="2026-04-28T20:31:54.867800+00:00" hostname="agent-env-6ac1b83b-b6c2-49bf-988d-5dd7dd0b816a"><testcase classname="backend.tests.test_sprint23.TestHealthAndDocs" name="test_health_status_ok" time="0.647" /><testcase classname="backend.tests.test_sprint23.TestHealthAndDocs" name="test_health_has_db_latency_ms" time="0.118" /><testcase classname="backend.tests.test_sprint23.TestHealthAndDocs" name="test_docs_200" time="0.113" /><testcase classname="backend.tests.test_sprint23.TestPagination" name="test_employees_limit_5_returns_exactly_5" time="0.109" /><testcase classname="backend.tests.test_sprint23.TestBulkMIWithBOM" name="test_preview_with_in_progress_wos" time="0.861" /><testcase classname="backend.tests.test_sprint23.TestBulkMIWithBOM" name="test_preview_2_in_progress_wos_structure" time="0.230" /><testcase classname="backend.tests.test_sprint23.TestSOPSAMFields" name="test_get_sops_list" time="0.136" /><testcase classname="backend.tests.test_sprint23.TestSOPSAMFields" name="test_update_sop_sam_minutes" time="0.119"><skipped type="pytest.skip" message="No SOPs available to test SAM update">/app/backend/tests/test_sprint23.py:161: No SOPs available to test SAM update</skipped></testcase><testcase classname="backend.tests.test_sprint23.TestLineBalance" name="test_line_balance_total_lines_gte_3" time="0.120" /><testcase classname="backend.tests.test_sprint23.TestRateLimiting" name="test_rate_limit_on_auth_login" time="1.648"><failure message="AssertionError: Expected 429 after 10 requests but got: [401, 401, 401, 401, 401, 401, 401, 401, 401, 401, 401, 401]&#10;assert False">backend/tests/test_sprint23.py:214: in test_rate_limit_on_auth_login
    assert has_rate_limit, f"Expected 429 after 10 requests but got: {responses}"
E   AssertionError: Expected 429 after 10 requests but got: [401, 401, 401, 401, 401, 401, 401, 401, 401, 401, 401, 401]
E   assert False</failure></testcase></testsuite></testsuites>