<?xml version="1.0" encoding="utf-8"?><testsuites name="pytest tests"><testsuite name="pytest" errors="0" failures="0" skipped="2" tests="15" time="2.223" timestamp="2026-04-28T18:54:54.085058+00:00" hostname="agent-env-6ac1b83b-b6c2-49bf-988d-5dd7dd0b816a"><testcase classname="backend.tests.test_sprint3.TestAuth" name="test_admin_login" time="0.221" /><testcase classname="backend.tests.test_sprint3.TestAuth" name="test_hr_login" time="0.117"><skipped type="pytest.skip" message="hr@garment.com not seeded in this environment">/app/backend/tests/test_sprint3.py:56: hr@garment.com not seeded in this environment</skipped></testcase><testcase classname="backend.tests.test_sprint3.TestHRReports" name="test_attendance_report" time="0.295" /><testcase classname="backend.tests.test_sprint3.TestHRReports" name="test_overtime_report" time="0.149" /><testcase classname="backend.tests.test_sprint3.TestHRReports" name="test_payroll_report" time="0.173" /><testcase classname="backend.tests.test_sprint3.TestHRReports" name="test_turnover_report" time="0.119" /><testcase classname="backend.tests.test_sprint3.TestAttendanceValidation" name="test_attendance_validation_returns_200" time="0.138" /><testcase classname="backend.tests.test_sprint3.TestAttendanceValidation" name="test_attendance_validation_response_structure" time="0.136" /><testcase classname="backend.tests.test_sprint3.TestAttendanceValidation" name="test_attendance_validation_bad_date" time="0.112" /><testcase classname="backend.tests.test_sprint3.TestAttendanceValidation" name="test_attendance_validation_hr_user" time="0.109"><skipped type="pytest.skip" message="HR login failed">/app/backend/tests/test_sprint3.py:135: HR login failed</skipped></testcase><testcase classname="backend.tests.test_sprint3.TestMaterials" name="test_list_materials" time="0.134" /><testcase classname="backend.tests.test_sprint3.TestMaterials" name="test_search_materials_yarn" time="0.108" /><testcase classname="backend.tests.test_sprint3.TestMaterials" name="test_low_stock_filter" time="0.126" /><testcase classname="backend.tests.test_sprint3.TestMaterials" name="test_materials_search_and_lowstock_combined" time="0.109" /><testcase classname="backend.tests.test_sprint3.TestPayrollRuns" name="test_list_payroll_runs" time="0.105" /></testsuite></testsuites>