<?xml version="1.0" encoding="utf-8"?><testsuites name="pytest tests"><testsuite name="pytest" errors="0" failures="0" skipped="0" tests="7" time="4.595" timestamp="2026-04-29T03:17:10.734725+00:00" hostname="agent-env-1f2e90cd-15e2-4c4a-9362-795b5eb00a59"><testcase classname="backend.tests.test_sprint26_pdf_userguide.TestShiftHandoverPDF" name="test_pdf_unauthorized" time="0.469" /><testcase classname="backend.tests.test_sprint26_pdf_userguide.TestShiftHandoverPDF" name="test_pdf_404_for_nonexistent" time="0.107" /><testcase classname="backend.tests.test_sprint26_pdf_userguide.TestShiftHandoverPDF" name="test_pdf_download_ok" time="0.114" /><testcase classname="backend.tests.test_sprint26_pdf_userguide.TestLKPPdf" name="test_lkp_pdf_no_photos" time="1.009" /><testcase classname="backend.tests.test_sprint26_pdf_userguide.TestLKPPdf" name="test_upload_photo_returns_path_and_id" time="0.283" /><testcase classname="backend.tests.test_sprint26_pdf_userguide.TestLKPPdf" name="test_lkp_pdf_with_one_photo" time="0.901" /><testcase classname="backend.tests.test_sprint26_pdf_userguide.TestLKPPdf" name="test_lkp_pdf_with_multiple_photos_no_crash" time="1.611" /></testsuite></testsuites>