<?xml version="1.0" encoding="utf-8"?><testsuites name="pytest tests"><testsuite name="pytest" errors="0" failures="0" skipped="0" tests="13" time="38.321" timestamp="2026-04-28T19:52:59.336366+00:00" hostname="agent-env-6ac1b83b-b6c2-49bf-988d-5dd7dd0b816a"><testcase classname="backend.tests.test_sprint22.TestHealthAndMetrics" name="test_health_endpoint" time="36.761" /><testcase classname="backend.tests.test_sprint22.TestHealthAndMetrics" name="test_health_has_db_latency" time="0.118" /><testcase classname="backend.tests.test_sprint22.TestHealthAndMetrics" name="test_metrics_endpoint" time="0.118" /><testcase classname="backend.tests.test_sprint22.TestHealthAndMetrics" name="test_docs_accessible" time="0.117" /><testcase classname="backend.tests.test_sprint22.TestPagination" name="test_employees_limit_5" time="0.110" /><testcase classname="backend.tests.test_sprint22.TestPagination" name="test_work_orders_limit_3" time="0.114" /><testcase classname="backend.tests.test_sprint22.TestBulkMI" name="test_preview_empty_wo_ids_returns_400" time="0.141" /><testcase classname="backend.tests.test_sprint22.TestBulkMI" name="test_preview_with_invalid_wo_returns_200" time="0.131" /><testcase classname="backend.tests.test_sprint22.TestBulkMI" name="test_generate_empty_wo_ids_returns_400" time="0.124" /><testcase classname="backend.tests.test_sprint22.TestAssignments" name="test_get_yesterday_assignments" time="0.152" /><testcase classname="backend.tests.test_sprint22.TestAssignments" name="test_bulk_create_empty_assignments_returns_400" time="0.126" /><testcase classname="backend.tests.test_sprint22.TestLineBalance" name="test_line_balance_endpoint" time="0.122" /><testcase classname="backend.tests.test_sprint22.TestLineBalance" name="test_line_balance_has_factory_balance" time="0.115" /></testsuite></testsuites>